<?xml version="1.0" encoding="UTF-8"?>
<!-- Generated by org.testng.reporters.JUnitReportReporter -->
<testsuite hostname="Air-von-Jan" failures="0" tests="1" name="ShopServiceTest" time="0.005" errors="0" timestamp="2022-05-27T11:41:00 MESZ" skipped="0">
  <testcase classname="ShopServiceTest" name="shouldReturnSpecificProductForID" time="0.005"/>
  <system-out/>
</testsuite> <!-- ShopServiceTest -->
